[debug] [2023-02-01T10:51:09.532Z] ----------------------------------------------------------------------
[debug] [2023-02-01T10:51:09.534Z] Command:       C:\Program Files\nodejs\node.exe C:\Users\otiko\AppData\Roaming\npm\node_modules\firebase-tools\lib\bin\firebase.js init hosting
[debug] [2023-02-01T10:51:09.535Z] CLI Version:   11.21.0
[debug] [2023-02-01T10:51:09.535Z] Platform:      win32
[debug] [2023-02-01T10:51:09.535Z] Node Version:  v18.13.0
[debug] [2023-02-01T10:51:09.536Z] Time:          Wed Feb 01 2023 14:51:09 GMT+0400 (საქართველოს სტანდარტული დრო)
[debug] [2023-02-01T10:51:09.537Z] ----------------------------------------------------------------------
[debug] 
[debug] [2023-02-01T10:51:09.545Z] > command requires scopes: ["email","openid","https://www.googleapis.com/auth/cloudplatformprojects.readonly","https://www.googleapis.com/auth/firebase","https://www.googleapis.com/auth/cloud-platform"]
[debug] [2023-02-01T10:51:09.545Z] > authorizing via signed-in user (ninopotskhoraia17@gmail.com)
[info] 
     ######## #### ########  ######## ########     ###     ######  ########
     ##        ##  ##     ## ##       ##     ##  ##   ##  ##       ##
     ######    ##  ########  ######   ########  #########  ######  ######
     ##        ##  ##    ##  ##       ##     ## ##     ##       ## ##
     ##       #### ##     ## ######## ########  ##     ##  ######  ########

You're about to initialize a Firebase project in this directory:

  C:\Users\otiko\OneDrive\Desktop\users\users-system

[info] 
=== Project Setup
[info] 
[info] First, let's associate this project directory with a Firebase project.
[info] You can create multiple project aliases by running firebase use --add, 
[info] but for now we'll just set up a default project.
[info] 
[debug] [2023-02-01T10:51:14.906Z] >>> [apiv2][query] GET https://firebase.googleapis.com/v1beta1/projects pageSize=100
[debug] [2023-02-01T10:51:15.593Z] <<< [apiv2][status] GET https://firebase.googleapis.com/v1beta1/projects 200
[debug] [2023-02-01T10:51:15.593Z] <<< [apiv2][body] GET https://firebase.googleapis.com/v1beta1/projects [omitted]
[info] i  Using project user-management-system-e7a8a (user management system) 
[info] 
=== Hosting Setup
